Added Component: Designator=C10(C_POL_RM2-8,5)
Add component. Clean all parameters for all variants
Add component (AddParameter): Name = "LatestRevisionDate"; Value = "07-Sep-2019"; VariantName = "[No Variations]"
Add component (AddParameter): Name = "Published"; Value = "21-Feb-2011"; VariantName = "[No Variations]"
Add component (AddParameter): Name = "Rated Voltage"; Value = "63V"; VariantName = "[No Variations]"
Add component (AddParameter): Name = "Usage"; Value = "only permitted for non-commercial purposes at HTL I Innsbruck"; VariantName = "[No Variations]"
Add component (AddParameter): Name = "Value"; Value = "100uF"; VariantName = "[No Variations]"
Added Component: Designator=C11(C_SMD_C0805)
Add component. Clean all parameters for all variants
Add component (AddParameter): Name = "LatestRevisionDate"; Value = "07-Sep-2019"; VariantName = "[No Variations]"
Add component (AddParameter): Name = "Published"; Value = "21-Feb-2011"; VariantName = "[No Variations]"
Add component (AddParameter): Name = "Rated Voltage"; Value = "50V"; VariantName = "[No Variations]"
Add component (AddParameter): Name = "Usage"; Value = "only permitted for non-commercial purposes at HTL I Innsbruck"; VariantName = "[No Variations]"
Add component (AddParameter): Name = "Value"; Value = "100nF"; VariantName = "[No Variations]"
Added Component: Designator=C12(C_SMD_C0805)
Add component. Clean all parameters for all variants
Add component (AddParameter): Name = "LatestRevisionDate"; Value = "07-Sep-2019"; VariantName = "[No Variations]"
Add component (AddParameter): Name = "Published"; Value = "21-Feb-2011"; VariantName = "[No Variations]"
Add component (AddParameter): Name = "Rated Voltage"; Value = "50V"; VariantName = "[No Variations]"
Add component (AddParameter): Name = "Usage"; Value = "only permitted for non-commercial purposes at HTL I Innsbruck"; VariantName = "[No Variations]"
Add component (AddParameter): Name = "Value"; Value = "100nF"; VariantName = "[No Variations]"
Added Component: Designator=C13(C_POL_RM2-8,5)
Add component. Clean all parameters for all variants
Add component (AddParameter): Name = "LatestRevisionDate"; Value = "07-Sep-2019"; VariantName = "[No Variations]"
Add component (AddParameter): Name = "Published"; Value = "21-Feb-2011"; VariantName = "[No Variations]"
Add component (AddParameter): Name = "Rated Voltage"; Value = "16V"; VariantName = "[No Variations]"
Add component (AddParameter): Name = "Usage"; Value = "only permitted for non-commercial purposes at HTL I Innsbruck"; VariantName = "[No Variations]"
Add component (AddParameter): Name = "Value"; Value = "100uF"; VariantName = "[No Variations]"
Added Component: Designator=C20(C_SMD_C0805)
Add component. Clean all parameters for all variants
Add component (AddParameter): Name = "LatestRevisionDate"; Value = "07-Sep-2019"; VariantName = "[No Variations]"
Add component (AddParameter): Name = "Published"; Value = "21-Feb-2011"; VariantName = "[No Variations]"
Add component (AddParameter): Name = "Rated Voltage"; Value = "50V"; VariantName = "[No Variations]"
Add component (AddParameter): Name = "Usage"; Value = "only permitted for non-commercial purposes at HTL I Innsbruck"; VariantName = "[No Variations]"
Add component (AddParameter): Name = "Value"; Value = "100nF"; VariantName = "[No Variations]"
Added Component: Designator=C21(C_SMD_C0805)
Add component. Clean all parameters for all variants
Add component (AddParameter): Name = "LatestRevisionDate"; Value = "07-Sep-2019"; VariantName = "[No Variations]"
Add component (AddParameter): Name = "Published"; Value = "21-Feb-2011"; VariantName = "[No Variations]"
Add component (AddParameter): Name = "Rated Voltage"; Value = "50V"; VariantName = "[No Variations]"
Add component (AddParameter): Name = "Usage"; Value = "only permitted for non-commercial purposes at HTL I Innsbruck"; VariantName = "[No Variations]"
Add component (AddParameter): Name = "Value"; Value = "100nF"; VariantName = "[No Variations]"
Added Component: Designator=D10(D_SMD_DO214AC)
Add component. Clean all parameters for all variants
Add component (AddParameter): Name = "LatestRevisionDate"; Value = "04-Jan-2018"; VariantName = "[No Variations]"
Add component (AddParameter): Name = "Published"; Value = "04-Jan-2018"; VariantName = "[No Variations]"
Add component (AddParameter): Name = "SimulationModellSource"; Value = "Diodes Incorporated"; VariantName = "[No Variations]"
Add component (AddParameter): Name = "Usage"; Value = "only permitted for non-commercial purposes at HTL I Innsbruck"; VariantName = "[No Variations]"
Add component (AddParameter): Name = "VALUE"; Value = ""; VariantName = "[No Variations]"
Added Component: Designator=D11(D_SMD_SOD123)
Add component. Clean all parameters for all variants
Add component (AddParameter): Name = "LatestRevisionDate"; Value = "13-Jun-2015"; VariantName = "[No Variations]"
Add component (AddParameter): Name = "Published"; Value = "29-Mar-2017"; VariantName = "[No Variations]"
Add component (AddParameter): Name = "SimulationModellSource"; Value = "Diodes Incorporated"; VariantName = "[No Variations]"
Add component (AddParameter): Name = "Usage"; Value = "only permitted for non-commercial purposes at HTL I Innsbruck"; VariantName = "[No Variations]"
Added Component: Designator=D20(D_TO-220AC)
Add component. Clean all parameters for all variants
Add component (AddParameter): Name = "LatestRevisionDate"; Value = "21-Feb-2011"; VariantName = "[No Variations]"
Add component (AddParameter): Name = "Published"; Value = "21-Feb-2011"; VariantName = "[No Variations]"
Add component (AddParameter): Name = "SimulationModellSource"; Value = "Diodes Incorporated"; VariantName = "[No Variations]"
Add component (AddParameter): Name = "Usage"; Value = "only permitted for non-commercial purposes at HTL I Innsbruck"; VariantName = "[No Variations]"
Added Component: Designator=D30A(D_SMD_DO214AC)
Add component. Clean all parameters for all variants
Add component (AddParameter): Name = "LatestRevisionDate"; Value = "04-Jan-2018"; VariantName = "[No Variations]"
Add component (AddParameter): Name = "Published"; Value = "04-Jan-2018"; VariantName = "[No Variations]"
Add component (AddParameter): Name = "SimulationModellSource"; Value = "Diodes Incorporated"; VariantName = "[No Variations]"
Add component (AddParameter): Name = "Usage"; Value = "only permitted for non-commercial purposes at HTL I Innsbruck"; VariantName = "[No Variations]"
Add component (AddParameter): Name = "VALUE"; Value = ""; VariantName = "[No Variations]"
Added Component: Designator=D30B(D_SMD_DO214AC)
Add component. Clean all parameters for all variants
Add component (AddParameter): Name = "LatestRevisionDate"; Value = "04-Jan-2018"; VariantName = "[No Variations]"
Add component (AddParameter): Name = "Published"; Value = "04-Jan-2018"; VariantName = "[No Variations]"
Add component (AddParameter): Name = "SimulationModellSource"; Value = "Diodes Incorporated"; VariantName = "[No Variations]"
Add component (AddParameter): Name = "Usage"; Value = "only permitted for non-commercial purposes at HTL I Innsbruck"; VariantName = "[No Variations]"
Add component (AddParameter): Name = "VALUE"; Value = ""; VariantName = "[No Variations]"
Added Component: Designator=D30C(D_SMD_DO214AC)
Add component. Clean all parameters for all variants
Add component (AddParameter): Name = "LatestRevisionDate"; Value = "04-Jan-2018"; VariantName = "[No Variations]"
Add component (AddParameter): Name = "Published"; Value = "04-Jan-2018"; VariantName = "[No Variations]"
Add component (AddParameter): Name = "SimulationModellSource"; Value = "Diodes Incorporated"; VariantName = "[No Variations]"
Add component (AddParameter): Name = "Usage"; Value = "only permitted for non-commercial purposes at HTL I Innsbruck"; VariantName = "[No Variations]"
Add component (AddParameter): Name = "VALUE"; Value = ""; VariantName = "[No Variations]"
Added Component: Designator=D30D(D_SMD_DO214AC)
Add component. Clean all parameters for all variants
Add component (AddParameter): Name = "LatestRevisionDate"; Value = "04-Jan-2018"; VariantName = "[No Variations]"
Add component (AddParameter): Name = "Published"; Value = "04-Jan-2018"; VariantName = "[No Variations]"
Add component (AddParameter): Name = "SimulationModellSource"; Value = "Diodes Incorporated"; VariantName = "[No Variations]"
Add component (AddParameter): Name = "Usage"; Value = "only permitted for non-commercial purposes at HTL I Innsbruck"; VariantName = "[No Variations]"
Add component (AddParameter): Name = "VALUE"; Value = ""; VariantName = "[No Variations]"
Added Component: Designator=D40A(SMD_0805_CHIP-LED - GREEN)
Add component. Clean all parameters for all variants
Add component (AddParameter): Name = "LatestRevisionDate"; Value = "21-Jun-2015"; VariantName = "[No Variations]"
Add component (AddParameter): Name = "Published"; Value = "29-Mar-2017"; VariantName = "[No Variations]"
Add component (AddParameter): Name = "SimulationModellSource"; Value = "Miscellaneous Devices"; VariantName = "[No Variations]"
Add component (AddParameter): Name = "Usage"; Value = "only permitted for non-commercial purposes at HTL I Innsbruck"; VariantName = "[No Variations]"
Added Component: Designator=D40B(SMD_0805_CHIP-LED - GREEN)
Add component. Clean all parameters for all variants
Add component (AddParameter): Name = "LatestRevisionDate"; Value = "21-Jun-2015"; VariantName = "[No Variations]"
Add component (AddParameter): Name = "Published"; Value = "29-Mar-2017"; VariantName = "[No Variations]"
Add component (AddParameter): Name = "SimulationModellSource"; Value = "Miscellaneous Devices"; VariantName = "[No Variations]"
Add component (AddParameter): Name = "Usage"; Value = "only permitted for non-commercial purposes at HTL I Innsbruck"; VariantName = "[No Variations]"
Added Component: Designator=D40C(SMD_0805_CHIP-LED - GREEN)
Add component. Clean all parameters for all variants
Add component (AddParameter): Name = "LatestRevisionDate"; Value = "21-Jun-2015"; VariantName = "[No Variations]"
Add component (AddParameter): Name = "Published"; Value = "29-Mar-2017"; VariantName = "[No Variations]"
Add component (AddParameter): Name = "SimulationModellSource"; Value = "Miscellaneous Devices"; VariantName = "[No Variations]"
Add component (AddParameter): Name = "Usage"; Value = "only permitted for non-commercial purposes at HTL I Innsbruck"; VariantName = "[No Variations]"
Added Component: Designator=D40D(SMD_0805_CHIP-LED - GREEN)
Add component. Clean all parameters for all variants
Add component (AddParameter): Name = "LatestRevisionDate"; Value = "21-Jun-2015"; VariantName = "[No Variations]"
Add component (AddParameter): Name = "Published"; Value = "29-Mar-2017"; VariantName = "[No Variations]"
Add component (AddParameter): Name = "SimulationModellSource"; Value = "Miscellaneous Devices"; VariantName = "[No Variations]"
Add component (AddParameter): Name = "Usage"; Value = "only permitted for non-commercial purposes at HTL I Innsbruck"; VariantName = "[No Variations]"
Added Component: Designator=D41A(D_SMD_DO214AC)
Add component. Clean all parameters for all variants
Add component (AddParameter): Name = "LatestRevisionDate"; Value = "04-Jan-2018"; VariantName = "[No Variations]"
Add component (AddParameter): Name = "Published"; Value = "04-Jan-2018"; VariantName = "[No Variations]"
Add component (AddParameter): Name = "SimulationModellSource"; Value = "Diodes Incorporated"; VariantName = "[No Variations]"
Add component (AddParameter): Name = "Usage"; Value = "only permitted for non-commercial purposes at HTL I Innsbruck"; VariantName = "[No Variations]"
Add component (AddParameter): Name = "VALUE"; Value = ""; VariantName = "[No Variations]"
Added Component: Designator=D41B(D_SMD_DO214AC)
Add component. Clean all parameters for all variants
Add component (AddParameter): Name = "LatestRevisionDate"; Value = "04-Jan-2018"; VariantName = "[No Variations]"
Add component (AddParameter): Name = "Published"; Value = "04-Jan-2018"; VariantName = "[No Variations]"
Add component (AddParameter): Name = "SimulationModellSource"; Value = "Diodes Incorporated"; VariantName = "[No Variations]"
Add component (AddParameter): Name = "Usage"; Value = "only permitted for non-commercial purposes at HTL I Innsbruck"; VariantName = "[No Variations]"
Add component (AddParameter): Name = "VALUE"; Value = ""; VariantName = "[No Variations]"
Added Component: Designator=D41C(D_SMD_DO214AC)
Add component. Clean all parameters for all variants
Add component (AddParameter): Name = "LatestRevisionDate"; Value = "04-Jan-2018"; VariantName = "[No Variations]"
Add component (AddParameter): Name = "Published"; Value = "04-Jan-2018"; VariantName = "[No Variations]"
Add component (AddParameter): Name = "SimulationModellSource"; Value = "Diodes Incorporated"; VariantName = "[No Variations]"
Add component (AddParameter): Name = "Usage"; Value = "only permitted for non-commercial purposes at HTL I Innsbruck"; VariantName = "[No Variations]"
Add component (AddParameter): Name = "VALUE"; Value = ""; VariantName = "[No Variations]"
Added Component: Designator=D41D(D_SMD_DO214AC)
Add component. Clean all parameters for all variants
Add component (AddParameter): Name = "LatestRevisionDate"; Value = "04-Jan-2018"; VariantName = "[No Variations]"
Add component (AddParameter): Name = "Published"; Value = "04-Jan-2018"; VariantName = "[No Variations]"
Add component (AddParameter): Name = "SimulationModellSource"; Value = "Diodes Incorporated"; VariantName = "[No Variations]"
Add component (AddParameter): Name = "Usage"; Value = "only permitted for non-commercial purposes at HTL I Innsbruck"; VariantName = "[No Variations]"
Add component (AddParameter): Name = "VALUE"; Value = ""; VariantName = "[No Variations]"
Added Component: Designator=IC20(SOIC127P600X175-16N)
Add component. Clean all parameters for all variants
Added Component: Designator=IC21(SOIC127P600X175-16N)
Add component. Clean all parameters for all variants
Added Component: Designator=P30A(PCB Terminal 2)
Add component. Clean all parameters for all variants
Added Component: Designator=P30B(PCB Terminal 2)
Add component. Clean all parameters for all variants
Added Component: Designator=P30C(PCB Terminal 2)
Add component. Clean all parameters for all variants
Added Component: Designator=P30D(PCB Terminal 2)
Add component. Clean all parameters for all variants
Added Component: Designator=P40A(PCB Terminal 3)
Add component. Clean all parameters for all variants
Added Component: Designator=P40B(PCB Terminal 3)
Add component. Clean all parameters for all variants
Added Component: Designator=P40C(PCB Terminal 3)
Add component. Clean all parameters for all variants
Added Component: Designator=P40D(PCB Terminal 3)
Add component. Clean all parameters for all variants
Added Component: Designator=R30A(R_SMD_R0805)
Add component. Clean all parameters for all variants
Add component (AddParameter): Name = "LatestRevisionDate"; Value = "07-Sep-2019"; VariantName = "[No Variations]"
Add component (AddParameter): Name = "Published"; Value = "21-Feb-2011"; VariantName = "[No Variations]"
Add component (AddParameter): Name = "Usage"; Value = "only permitted for non-commercial purposes at HTL I Innsbruck"; VariantName = "[No Variations]"
Add component (AddParameter): Name = "Value"; Value = "1K"; VariantName = "[No Variations]"
Added Component: Designator=R30B(R_SMD_R0805)
Add component. Clean all parameters for all variants
Add component (AddParameter): Name = "LatestRevisionDate"; Value = "07-Sep-2019"; VariantName = "[No Variations]"
Add component (AddParameter): Name = "Published"; Value = "21-Feb-2011"; VariantName = "[No Variations]"
Add component (AddParameter): Name = "Usage"; Value = "only permitted for non-commercial purposes at HTL I Innsbruck"; VariantName = "[No Variations]"
Add component (AddParameter): Name = "Value"; Value = "1K"; VariantName = "[No Variations]"
Added Component: Designator=R30C(R_SMD_R0805)
Add component. Clean all parameters for all variants
Add component (AddParameter): Name = "LatestRevisionDate"; Value = "07-Sep-2019"; VariantName = "[No Variations]"
Add component (AddParameter): Name = "Published"; Value = "21-Feb-2011"; VariantName = "[No Variations]"
Add component (AddParameter): Name = "Usage"; Value = "only permitted for non-commercial purposes at HTL I Innsbruck"; VariantName = "[No Variations]"
Add component (AddParameter): Name = "Value"; Value = "1K"; VariantName = "[No Variations]"
Added Component: Designator=R30D(R_SMD_R0805)
Add component. Clean all parameters for all variants
Add component (AddParameter): Name = "LatestRevisionDate"; Value = "07-Sep-2019"; VariantName = "[No Variations]"
Add component (AddParameter): Name = "Published"; Value = "21-Feb-2011"; VariantName = "[No Variations]"
Add component (AddParameter): Name = "Usage"; Value = "only permitted for non-commercial purposes at HTL I Innsbruck"; VariantName = "[No Variations]"
Add component (AddParameter): Name = "Value"; Value = "1K"; VariantName = "[No Variations]"
Added Component: Designator=R31A(R_SMD_R0805)
Add component. Clean all parameters for all variants
Add component (AddParameter): Name = "LatestRevisionDate"; Value = "07-Sep-2019"; VariantName = "[No Variations]"
Add component (AddParameter): Name = "Published"; Value = "21-Feb-2011"; VariantName = "[No Variations]"
Add component (AddParameter): Name = "Usage"; Value = "only permitted for non-commercial purposes at HTL I Innsbruck"; VariantName = "[No Variations]"
Add component (AddParameter): Name = "Value"; Value = "10K"; VariantName = "[No Variations]"
Added Component: Designator=R31B(R_SMD_R0805)
Add component. Clean all parameters for all variants
Add component (AddParameter): Name = "LatestRevisionDate"; Value = "07-Sep-2019"; VariantName = "[No Variations]"
Add component (AddParameter): Name = "Published"; Value = "21-Feb-2011"; VariantName = "[No Variations]"
Add component (AddParameter): Name = "Usage"; Value = "only permitted for non-commercial purposes at HTL I Innsbruck"; VariantName = "[No Variations]"
Add component (AddParameter): Name = "Value"; Value = "10K"; VariantName = "[No Variations]"
Added Component: Designator=R31C(R_SMD_R0805)
Add component. Clean all parameters for all variants
Add component (AddParameter): Name = "LatestRevisionDate"; Value = "07-Sep-2019"; VariantName = "[No Variations]"
Add component (AddParameter): Name = "Published"; Value = "21-Feb-2011"; VariantName = "[No Variations]"
Add component (AddParameter): Name = "Usage"; Value = "only permitted for non-commercial purposes at HTL I Innsbruck"; VariantName = "[No Variations]"
Add component (AddParameter): Name = "Value"; Value = "10K"; VariantName = "[No Variations]"
Added Component: Designator=R31D(R_SMD_R0805)
Add component. Clean all parameters for all variants
Add component (AddParameter): Name = "LatestRevisionDate"; Value = "07-Sep-2019"; VariantName = "[No Variations]"
Add component (AddParameter): Name = "Published"; Value = "21-Feb-2011"; VariantName = "[No Variations]"
Add component (AddParameter): Name = "Usage"; Value = "only permitted for non-commercial purposes at HTL I Innsbruck"; VariantName = "[No Variations]"
Add component (AddParameter): Name = "Value"; Value = "10K"; VariantName = "[No Variations]"
Added Component: Designator=R40A(R_SMD_R0805)
Add component. Clean all parameters for all variants
Add component (AddParameter): Name = "LatestRevisionDate"; Value = "07-Sep-2019"; VariantName = "[No Variations]"
Add component (AddParameter): Name = "Published"; Value = "21-Feb-2011"; VariantName = "[No Variations]"
Add component (AddParameter): Name = "Usage"; Value = "only permitted for non-commercial purposes at HTL I Innsbruck"; VariantName = "[No Variations]"
Add component (AddParameter): Name = "Value"; Value = "2.2K"; VariantName = "[No Variations]"
Added Component: Designator=R40B(R_SMD_R0805)
Add component. Clean all parameters for all variants
Add component (AddParameter): Name = "LatestRevisionDate"; Value = "07-Sep-2019"; VariantName = "[No Variations]"
Add component (AddParameter): Name = "Published"; Value = "21-Feb-2011"; VariantName = "[No Variations]"
Add component (AddParameter): Name = "Usage"; Value = "only permitted for non-commercial purposes at HTL I Innsbruck"; VariantName = "[No Variations]"
Add component (AddParameter): Name = "Value"; Value = "2.2K"; VariantName = "[No Variations]"
Added Component: Designator=R40C(R_SMD_R0805)
Add component. Clean all parameters for all variants
Add component (AddParameter): Name = "LatestRevisionDate"; Value = "07-Sep-2019"; VariantName = "[No Variations]"
Add component (AddParameter): Name = "Published"; Value = "21-Feb-2011"; VariantName = "[No Variations]"
Add component (AddParameter): Name = "Usage"; Value = "only permitted for non-commercial purposes at HTL I Innsbruck"; VariantName = "[No Variations]"
Add component (AddParameter): Name = "Value"; Value = "2.2K"; VariantName = "[No Variations]"
Added Component: Designator=R40D(R_SMD_R0805)
Add component. Clean all parameters for all variants
Add component (AddParameter): Name = "LatestRevisionDate"; Value = "07-Sep-2019"; VariantName = "[No Variations]"
Add component (AddParameter): Name = "Published"; Value = "21-Feb-2011"; VariantName = "[No Variations]"
Add component (AddParameter): Name = "Usage"; Value = "only permitted for non-commercial purposes at HTL I Innsbruck"; VariantName = "[No Variations]"
Add component (AddParameter): Name = "Value"; Value = "2.2K"; VariantName = "[No Variations]"
Added Component: Designator=R41A(R_SMD_R0805)
Add component. Clean all parameters for all variants
Add component (AddParameter): Name = "LatestRevisionDate"; Value = "07-Sep-2019"; VariantName = "[No Variations]"
Add component (AddParameter): Name = "Published"; Value = "21-Feb-2011"; VariantName = "[No Variations]"
Add component (AddParameter): Name = "Usage"; Value = "only permitted for non-commercial purposes at HTL I Innsbruck"; VariantName = "[No Variations]"
Add component (AddParameter): Name = "Value"; Value = "1K"; VariantName = "[No Variations]"
Added Component: Designator=R41B(R_SMD_R0805)
Add component. Clean all parameters for all variants
Add component (AddParameter): Name = "LatestRevisionDate"; Value = "07-Sep-2019"; VariantName = "[No Variations]"
Add component (AddParameter): Name = "Published"; Value = "21-Feb-2011"; VariantName = "[No Variations]"
Add component (AddParameter): Name = "Usage"; Value = "only permitted for non-commercial purposes at HTL I Innsbruck"; VariantName = "[No Variations]"
Add component (AddParameter): Name = "Value"; Value = "1K"; VariantName = "[No Variations]"
Added Component: Designator=R41C(R_SMD_R0805)
Add component. Clean all parameters for all variants
Add component (AddParameter): Name = "LatestRevisionDate"; Value = "07-Sep-2019"; VariantName = "[No Variations]"
Add component (AddParameter): Name = "Published"; Value = "21-Feb-2011"; VariantName = "[No Variations]"
Add component (AddParameter): Name = "Usage"; Value = "only permitted for non-commercial purposes at HTL I Innsbruck"; VariantName = "[No Variations]"
Add component (AddParameter): Name = "Value"; Value = "1K"; VariantName = "[No Variations]"
Added Component: Designator=R41D(R_SMD_R0805)
Add component. Clean all parameters for all variants
Add component (AddParameter): Name = "LatestRevisionDate"; Value = "07-Sep-2019"; VariantName = "[No Variations]"
Add component (AddParameter): Name = "Published"; Value = "21-Feb-2011"; VariantName = "[No Variations]"
Add component (AddParameter): Name = "Usage"; Value = "only permitted for non-commercial purposes at HTL I Innsbruck"; VariantName = "[No Variations]"
Add component (AddParameter): Name = "Value"; Value = "1K"; VariantName = "[No Variations]"
Added Component: Designator=T40A(TO-92A-2)
Add component. Clean all parameters for all variants
Add component (AddParameter): Name = "LatestRevisionDate"; Value = "31-Oct-2012"; VariantName = "[No Variations]"
Add component (AddParameter): Name = "Published"; Value = "21-Feb-2011"; VariantName = "[No Variations]"
Add component (AddParameter): Name = "SimulationModellSource"; Value = "Philips Discrete BJT - Low Power"; VariantName = "[No Variations]"
Add component (AddParameter): Name = "Usage"; Value = "only permitted for non-commercial purposes at HTL I Innsbruck"; VariantName = "[No Variations]"
Added Component: Designator=T40B(TO-92A-2)
Add component. Clean all parameters for all variants
Add component (AddParameter): Name = "LatestRevisionDate"; Value = "31-Oct-2012"; VariantName = "[No Variations]"
Add component (AddParameter): Name = "Published"; Value = "21-Feb-2011"; VariantName = "[No Variations]"
Add component (AddParameter): Name = "SimulationModellSource"; Value = "Philips Discrete BJT - Low Power"; VariantName = "[No Variations]"
Add component (AddParameter): Name = "Usage"; Value = "only permitted for non-commercial purposes at HTL I Innsbruck"; VariantName = "[No Variations]"
Added Component: Designator=T40C(TO-92A-2)
Add component. Clean all parameters for all variants
Add component (AddParameter): Name = "LatestRevisionDate"; Value = "31-Oct-2012"; VariantName = "[No Variations]"
Add component (AddParameter): Name = "Published"; Value = "21-Feb-2011"; VariantName = "[No Variations]"
Add component (AddParameter): Name = "SimulationModellSource"; Value = "Philips Discrete BJT - Low Power"; VariantName = "[No Variations]"
Add component (AddParameter): Name = "Usage"; Value = "only permitted for non-commercial purposes at HTL I Innsbruck"; VariantName = "[No Variations]"
Added Component: Designator=T40D(TO-92A-2)
Add component. Clean all parameters for all variants
Add component (AddParameter): Name = "LatestRevisionDate"; Value = "31-Oct-2012"; VariantName = "[No Variations]"
Add component (AddParameter): Name = "Published"; Value = "21-Feb-2011"; VariantName = "[No Variations]"
Add component (AddParameter): Name = "SimulationModellSource"; Value = "Philips Discrete BJT - Low Power"; VariantName = "[No Variations]"
Add component (AddParameter): Name = "Usage"; Value = "only permitted for non-commercial purposes at HTL I Innsbruck"; VariantName = "[No Variations]"
Added Component: Designator=U30A(DIP-4)
Add component. Clean all parameters for all variants
Add component (AddParameter): Name = "DatasheetVersion"; Value = "Nov-2003"; VariantName = "[No Variations]"
Add component (AddParameter): Name = "LatestRevisionDate"; Value = "04-Mar-2005"; VariantName = "[No Variations]"
Add component (AddParameter): Name = "LatestRevisionNote"; Value = "Sch pins 3 & 4 Swapped."; VariantName = "[No Variations]"
Add component (AddParameter): Name = "PackageReference"; Value = "DIP-4"; VariantName = "[No Variations]"
Add component (AddParameter): Name = "Published"; Value = "24-Mar-1999"; VariantName = "[No Variations]"
Add component (AddParameter): Name = "Publisher"; Value = "Altium Limited"; VariantName = "[No Variations]"
Added Pin To Net: NetName=NetC10_1 Pin=C10-1
Added Pin To Net: NetName=GND Pin=C10-2
Added Pin To Net: NetName=GND Pin=C11-1
Added Pin To Net: NetName=NetC10_1 Pin=C11-2
Added Pin To Net: NetName=GND Pin=C12-1
Added Pin To Net: NetName=+5V Pin=C12-2
Added Pin To Net: NetName=+5V Pin=C13-1
Added Pin To Net: NetName=GND Pin=C13-2
Added Pin To Net: NetName=GND Pin=C20-1
Added Pin To Net: NetName=VDDIO Pin=C20-2
Added Pin To Net: NetName=GND Pin=C21-1
Added Pin To Net: NetName=+5 Pin=C21-2
Added Pin To Net: NetName=NetBU10_1 Pin=D10-A
Added Pin To Net: NetName=NetC10_1 Pin=D10-C
Added Pin To Net: NetName=+5V Pin=D11-A
Added Pin To Net: NetName=NetC10_1 Pin=D11-C
Added Pin To Net: NetName=+5 Pin=D20-A
Added Pin To Net: NetName=NetD20_C Pin=D20-C
Added Pin To Net: NetName=NetD30A_1 Pin=D30A-A
Added Pin To Net: NetName=NetD30A_2 Pin=D30A-C
Added Pin To Net: NetName=NetD30B_1 Pin=D30B-A
Added Pin To Net: NetName=NetD30B_2 Pin=D30B-C
Added Pin To Net: NetName=NetD30C_1 Pin=D30C-A
Added Pin To Net: NetName=NetD30C_2 Pin=D30C-C
Added Pin To Net: NetName=NetD30D_1 Pin=D30D-A
Added Pin To Net: NetName=NetD30D_2 Pin=D30D-C
Added Pin To Net: NetName=NetD40A_A Pin=D40A-A
Added Pin To Net: NetName=NetD40A_K Pin=D40A-K
Added Pin To Net: NetName=NetD40B_A Pin=D40B-A
Added Pin To Net: NetName=NetD40B_K Pin=D40B-K
Added Pin To Net: NetName=NetD40C_A Pin=D40C-A
Added Pin To Net: NetName=NetD40C_K Pin=D40C-K
Added Pin To Net: NetName=NetD40D_A Pin=D40D-A
Added Pin To Net: NetName=NetD40D_K Pin=D40D-K
Added Pin To Net: NetName=NetD40A_K Pin=D41A-A
Added Pin To Net: NetName=+5 Pin=D41A-C
Added Pin To Net: NetName=NetD40B_K Pin=D41B-A
Added Pin To Net: NetName=+5 Pin=D41B-C
Added Pin To Net: NetName=NetD40C_K Pin=D41C-A
Added Pin To Net: NetName=+5 Pin=D41C-C
Added Pin To Net: NetName=NetD40D_K Pin=D41D-A
Added Pin To Net: NetName=+5 Pin=D41D-C
Added Pin To Net: NetName=GND Pin=IC20-1
Added Pin To Net: NetName=GND Pin=IC20-2
Added Pin To Net: NetName=GND Pin=IC20-3
Added Pin To Net: NetName=DIN1 Pin=IC20-4
Added Pin To Net: NetName=DIN2 Pin=IC20-5
Added Pin To Net: NetName=DIN3 Pin=IC20-6
Added Pin To Net: NetName=DIN4 Pin=IC20-7
Added Pin To Net: NetName=GND Pin=IC20-8
Added Pin To Net: NetName=I2C.SCL Pin=IC20-14
Added Pin To Net: NetName=I2C.SDA Pin=IC20-15
Added Pin To Net: NetName=VDDIO Pin=IC20-16
Added Pin To Net: NetName=NetIC21_1 Pin=IC21-1
Added Pin To Net: NetName=NetIC21_2 Pin=IC21-2
Added Pin To Net: NetName=NetIC21_3 Pin=IC21-3
Added Pin To Net: NetName=GND Pin=IC21-8
Added Pin To Net: NetName=+5 Pin=IC21-10
Added Pin To Net: NetName=SER_CLK Pin=IC21-11
Added Pin To Net: NetName=SER_LATCH Pin=IC21-12
Added Pin To Net: NetName=GND Pin=IC21-13
Added Pin To Net: NetName=SER_DATA Pin=IC21-14
Added Pin To Net: NetName=NetIC21_15 Pin=IC21-15
Added Pin To Net: NetName=+5 Pin=IC21-16
Added Pin To Net: NetName=NetP30A_2 Pin=P30A-1
Added Pin To Net: NetName=NetD30A_1 Pin=P30A-2
Added Pin To Net: NetName=NetP30B_2 Pin=P30B-1
Added Pin To Net: NetName=NetD30B_1 Pin=P30B-2
Added Pin To Net: NetName=NetP30C_2 Pin=P30C-1
Added Pin To Net: NetName=NetD30C_1 Pin=P30C-2
Added Pin To Net: NetName=NetP30D_2 Pin=P30D-1
Added Pin To Net: NetName=NetD30D_1 Pin=P30D-2
Added Pin To Net: NetName=NOA Pin=P40A-1
Added Pin To Net: NetName=COMA Pin=P40A-2
Added Pin To Net: NetName=NCA Pin=P40A-3
Added Pin To Net: NetName=NOB Pin=P40B-1
Added Pin To Net: NetName=COMB Pin=P40B-2
Added Pin To Net: NetName=NCB Pin=P40B-3
Added Pin To Net: NetName=NOC Pin=P40C-1
Added Pin To Net: NetName=COMC Pin=P40C-2
Added Pin To Net: NetName=NCC Pin=P40C-3
Added Pin To Net: NetName=NOD Pin=P40D-1
Added Pin To Net: NetName=COMD Pin=P40D-2
Added Pin To Net: NetName=NCD Pin=P40D-3
Added Pin To Net: NetName=NetP30A_2 Pin=R30A-1
Added Pin To Net: NetName=NetD30A_2 Pin=R30A-2
Added Pin To Net: NetName=NetP30B_2 Pin=R30B-1
Added Pin To Net: NetName=NetD30B_2 Pin=R30B-2
Added Pin To Net: NetName=NetP30C_2 Pin=R30C-1
Added Pin To Net: NetName=NetD30C_2 Pin=R30C-2
Added Pin To Net: NetName=NetP30D_2 Pin=R30D-1
Added Pin To Net: NetName=NetD30D_2 Pin=R30D-2
Added Pin To Net: NetName=GND Pin=R31A-1
Added Pin To Net: NetName=DIN1 Pin=R31A-2
Added Pin To Net: NetName=GND Pin=R31B-1
Added Pin To Net: NetName=DIN2 Pin=R31B-2
Added Pin To Net: NetName=GND Pin=R31C-1
Added Pin To Net: NetName=DIN3 Pin=R31C-2
Added Pin To Net: NetName=GND Pin=R31D-1
Added Pin To Net: NetName=DIN4 Pin=R31D-2
Added Pin To Net: NetName=NetIC21_15 Pin=R40A-1
Added Pin To Net: NetName=NetR40A_1 Pin=R40A-2
Added Pin To Net: NetName=NetIC21_1 Pin=R40B-1
Added Pin To Net: NetName=NetR40B_1 Pin=R40B-2
Added Pin To Net: NetName=NetIC21_2 Pin=R40C-1
Added Pin To Net: NetName=NetR40C_1 Pin=R40C-2
Added Pin To Net: NetName=NetIC21_3 Pin=R40D-1
Added Pin To Net: NetName=NetR40D_1 Pin=R40D-2
Added Pin To Net: NetName=NetD40A_A Pin=R41A-1
Added Pin To Net: NetName=+5 Pin=R41A-2
Added Pin To Net: NetName=NetD40B_A Pin=R41B-1
Added Pin To Net: NetName=+5 Pin=R41B-2
Added Pin To Net: NetName=NetD40C_A Pin=R41C-1
Added Pin To Net: NetName=+5 Pin=R41C-2
Added Pin To Net: NetName=NetD40D_A Pin=R41D-1
Added Pin To Net: NetName=+5 Pin=R41D-2
Added Pin To Net: NetName=NetD40A_K Pin=T40A-1
Added Pin To Net: NetName=NetR40A_1 Pin=T40A-2
Added Pin To Net: NetName=GND Pin=T40A-3
Added Pin To Net: NetName=NetD40B_K Pin=T40B-1
Added Pin To Net: NetName=NetR40B_1 Pin=T40B-2
Added Pin To Net: NetName=GND Pin=T40B-3
Added Pin To Net: NetName=NetD40C_K Pin=T40C-1
Added Pin To Net: NetName=NetR40C_1 Pin=T40C-2
Added Pin To Net: NetName=GND Pin=T40C-3
Added Pin To Net: NetName=NetD40D_K Pin=T40D-1
Added Pin To Net: NetName=NetR40D_1 Pin=T40D-2
Added Pin To Net: NetName=GND Pin=T40D-3
Added Pin To Net: NetName=NetD31A_2 Pin=U30A-1
Added Pin To Net: NetName=NetD30A_1 Pin=U30A-2
Added Pin To Net: NetName=DIN1 Pin=U30A-3
Added Pin To Net: NetName=VDDIO Pin=U30A-4
Change Net Name : Old Net Name=NetD30A_1 New Net Name=NetD30A_A
Change Net Name : Old Net Name=NetD30A_2 New Net Name=NetD30A_C
Change Net Name : Old Net Name=NetD30B_1 New Net Name=NetD30B_A
Change Net Name : Old Net Name=NetD30B_2 New Net Name=NetD30B_C
Change Net Name : Old Net Name=NetD30C_1 New Net Name=NetD30C_A
Change Net Name : Old Net Name=NetD30C_2 New Net Name=NetD30C_C
Change Net Name : Old Net Name=NetD30D_1 New Net Name=NetD30D_A
Change Net Name : Old Net Name=NetD30D_2 New Net Name=NetD30D_C
Change Net Name : Old Net Name=NetP30A_2 New Net Name=NetP30A_1
Change Net Name : Old Net Name=NetP30B_2 New Net Name=NetP30B_1
Change Net Name : Old Net Name=NetP30C_2 New Net Name=NetP30C_1
Change Net Name : Old Net Name=NetP30D_2 New Net Name=NetP30D_1
Change Net Name : Old Net Name=NetR40A_1 New Net Name=NetR40A_2
Change Net Name : Old Net Name=NetR40B_1 New Net Name=NetR40B_2
Change Net Name : Old Net Name=NetR40C_1 New Net Name=NetR40C_2
Change Net Name : Old Net Name=NetR40D_1 New Net Name=NetR40D_2
Added Member To Class: ClassName=Versorgung Member=Component C10 100uF
Added Member To Class: ClassName=Versorgung Member=Component C11 100nF
Added Member To Class: ClassName=Versorgung Member=Component C12 100nF
Added Member To Class: ClassName=Versorgung Member=Component C13 100uF
Added Member To Class: ClassName=Microcontroller Member=Component C20 100nF
Added Member To Class: ClassName=Microcontroller Member=Component C21 100nF
Added Member To Class: ClassName=Versorgung Member=Component D10 M1
Added Member To Class: ClassName=Versorgung Member=Component D11 1N4148W
Added Member To Class: ClassName=Microcontroller Member=Component D20 1N5819
Added Member To Class: ClassName=Dig_Ein1 Member=Component D30A (D30) M7
Added Member To Class: ClassName=Dig_Ein2 Member=Component D30B (D30) M7
Added Member To Class: ClassName=Dig_Ein3 Member=Component D30C (D30) M7
Added Member To Class: ClassName=Dig_Ein4 Member=Component D30D (D30) M7
Added Member To Class: ClassName=Dig_Ein3 Member=Component D31C (D31) LED1
Added Member To Class: ClassName=Dig_Ein4 Member=Component D31D (D31) LED1
Added Member To Class: ClassName=Relaiskanal 1 Member=Component D40A (D40) SMD LED GREEN
Added Member To Class: ClassName=Relaiskanal 2 Member=Component D40B (D40) SMD LED GREEN
Added Member To Class: ClassName=Relaiskanal 3 Member=Component D40C (D40) SMD LED GREEN
Added Member To Class: ClassName=Relaiskanal 4 Member=Component D40D (D40) SMD LED GREEN
Added Member To Class: ClassName=Relaiskanal 1 Member=Component D41A (D41) M1
Added Member To Class: ClassName=Relaiskanal 2 Member=Component D41B (D41) M1
Added Member To Class: ClassName=Relaiskanal 3 Member=Component D41C (D41) M1
Added Member To Class: ClassName=Relaiskanal 4 Member=Component D41D (D41) M1
Added Member To Class: ClassName=Microcontroller Member=Component IC20 PCF8574-SMD
Added Member To Class: ClassName=Microcontroller Member=Component IC21 74LS595-SMD
Added Member To Class: ClassName=Relaiskanal 1 Member=Component K40A (K40) G5V-1-5DC
Added Member To Class: ClassName=Relaiskanal 2 Member=Component K40B (K40) G5V-1-5DC
Added Member To Class: ClassName=Relaiskanal 3 Member=Component K40C (K40) G5V-1-5DC
Added Member To Class: ClassName=Relaiskanal 4 Member=Component K40D (K40) G5V-1-5DC
Added Member To Class: ClassName=Dig_Ein1 Member=Component P30A (P30) Terminal 2
Added Member To Class: ClassName=Dig_Ein2 Member=Component P30B (P30) Terminal 2
Added Member To Class: ClassName=Dig_Ein3 Member=Component P30C (P30) Terminal 2
Added Member To Class: ClassName=Dig_Ein4 Member=Component P30D (P30) Terminal 2
Added Member To Class: ClassName=Relaiskanal 1 Member=Component P40A (P40) Terminal 3
Added Member To Class: ClassName=Relaiskanal 2 Member=Component P40B (P40) Terminal 3
Added Member To Class: ClassName=Relaiskanal 3 Member=Component P40C (P40) Terminal 3
Added Member To Class: ClassName=Relaiskanal 4 Member=Component P40D (P40) Terminal 3
Added Member To Class: ClassName=Dig_Ein1 Member=Component R30A (R30) 1K
Added Member To Class: ClassName=Dig_Ein2 Member=Component R30B (R30) 1K
Added Member To Class: ClassName=Dig_Ein3 Member=Component R30C (R30) 1K
Added Member To Class: ClassName=Dig_Ein4 Member=Component R30D (R30) 1K
Added Member To Class: ClassName=Dig_Ein1 Member=Component R31A (R31) 10K
Added Member To Class: ClassName=Dig_Ein2 Member=Component R31B (R31) 10K
Added Member To Class: ClassName=Dig_Ein3 Member=Component R31C (R31) 10K
Added Member To Class: ClassName=Dig_Ein4 Member=Component R31D (R31) 10K
Added Member To Class: ClassName=Relaiskanal 1 Member=Component R40A (R40) 2.2K
Added Member To Class: ClassName=Relaiskanal 2 Member=Component R40B (R40) 2.2K
Added Member To Class: ClassName=Relaiskanal 3 Member=Component R40C (R40) 2.2K
Added Member To Class: ClassName=Relaiskanal 4 Member=Component R40D (R40) 2.2K
Added Member To Class: ClassName=Relaiskanal 1 Member=Component R41A (R41) 1K
Added Member To Class: ClassName=Relaiskanal 2 Member=Component R41B (R41) 1K
Added Member To Class: ClassName=Relaiskanal 3 Member=Component R41C (R41) 1K
Added Member To Class: ClassName=Relaiskanal 4 Member=Component R41D (R41) 1K
Added Member To Class: ClassName=Relaiskanal 1 Member=Component T40A (T40) BC547C
Added Member To Class: ClassName=Relaiskanal 2 Member=Component T40B (T40) BC547C
Added Member To Class: ClassName=Relaiskanal 3 Member=Component T40C (T40) BC547C
Added Member To Class: ClassName=Relaiskanal 4 Member=Component T40D (T40) BC547C
Added Member To Class: ClassName=Dig_Ein1 Member=Component U30A (U30) LTV817
